

        UUUUUUU    CCCCCCCC    SSSSSSS/  FFFFFFFFF  
      UU/    UU/  CC/    CC/     SS/     FF/    FF/ 
     UU/         CCCCCCCC/      SS/     FF/    FF/  
    UU/  UUUU/  CC/ CC\        SS/     FF/    FF/   
   UU/    UU/  CC/   CC\      SS/     FF/    FF/    
   UUUUUUU/   CC/     CC\  SSSSSS/  FFFFFFFFF/      


University of California at San Francisco, DOCK 4.0.1

__________________Job_Information_________________
launch_time                    Thu Aug  8 20:11:27 2024
host_name                      unknown
memory_limit                   0
working_directory              /home/laura.lee5-umw/thyme_lab_internship_2024/dock6/input_files/ace
user_name                      laura.lee5-umw

________________General_Parameters________________
compute_grids                  yes
grid_spacing                   0.8
output_molecule                no

________________Scoring_Parameters________________
contact_score                  no
energy_score                   yes
energy_cutoff_distance         9999
atom_model                     a
attractive_exponent            6
repulsive_exponent             9
distance_dielectric            yes
dielectric_factor              4
allow_non_integral_charges     yes
bump_filter                    yes
bump_overlap                   0.75

____________________File_Input____________________
receptor_file                  ace.mol2
box_file                       ace.box.pdb
vdw_definition_file            /home/laura.lee5-umw/dock6/parameters/vdw_AMBER_parm99.defn

____________________File_Output___________________
score_grid_prefix              grid



Reading in coordinates of receptor.
WARNING assign_vdw_labels: Atom valence exceeded by 2 - 1 for 
ace **** TYR25 25 HOH 259;
ignoring and still using vdw parameter definition H named Hydrogen_hydroxyl.
WARNING assign_vdw_labels: Atom valence exceeded by 3 - 2 for 
ace **** THR92 92 OG1 932;
ignoring and still using vdw parameter definition O.3 named Oxygen_TIP3_water.
WARNING assign_vdw_labels: Atom valence exceeded by 2 - 1 for 
ace **** ARG304 304 HN21 3056;
ignoring and still using vdw parameter definition H named Hydrogen_hydroxyl.
WARNING assign_vdw_labels: Atom valence exceeded by 2 - 1 for 
ace **** ARG304 304 HNE 3058;
ignoring and still using vdw parameter definition H named Hydrogen_hydroxyl.
WARNING assign_vdw_labels: Atom valence exceeded by 2 - 1 for 
ace **** CYS308 308 HSG 3100;
ignoring and still using vdw parameter definition H named Hydrogen_thiol.
WARNING assign_vdw_labels: Atom valence exceeded by 2 - 1 for 
ace **** THR310 310 HN 3117;
ignoring and still using vdw parameter definition H named Hydrogen_hydroxyl.
WARNING assign_vdw_labels: Atom valence exceeded by 2 - 1 for 
ace **** CYS486 486 HSG 4833;
ignoring and still using vdw parameter definition H named Hydrogen_thiol.
WARNING assign_vdw_labels: Atom valence exceeded by 2 - 1 for 
ace **** LYS503 503 HNZ2 4999;
ignoring and still using vdw parameter definition H named Hydrogen_hydroxyl.

Total charge on ace                     :    0.000

Reading in grid box information.
Box center of mass                      :   45.336   44.110   45.840
Box dimensions                          :   36.967   41.790   45.047
Number of grid points per side [x y z]  :       48       54       58
Total number of grid points             :   150336

Generating scoring grids.
Percent of protein atoms processed      :        0
Percent of protein atoms processed      :       10
Percent of protein atoms processed      :       20
Percent of protein atoms processed      :       30
Percent of protein atoms processed      :       40
Percent of protein atoms processed      :       50
Percent of protein atoms processed      :       60
Percent of protein atoms processed      :       70
Percent of protein atoms processed      :       80
Percent of protein atoms processed      :       90
Percent of protein atoms processed      :      100
Writing general grid info to grid.bmp
Writing bump grid to grid.bmp
Writing energy grids to grid.nrg
  Writing attractive VDW energy grid
  Writing repulsive VDW energy grid
  Writing electrostatic energy grid

Finished calculation.
