

        UUUUUUU    CCCCCCCC    SSSSSSS/  FFFFFFFFF  
      UU/    UU/  CC/    CC/     SS/     FF/    FF/ 
     UU/         CCCCCCCC/      SS/     FF/    FF/  
    UU/  UUUU/  CC/ CC\        SS/     FF/    FF/   
   UU/    UU/  CC/   CC\      SS/     FF/    FF/    
   UUUUUUU/   CC/     CC\  SSSSSS/  FFFFFFFFF/      


University of California at San Francisco, DOCK 4.0.1

__________________Job_Information_________________
launch_time                    Fri Jun 14 16:05:56 2024
host_name                      unknown
memory_limit                   0
working_directory              /home/laura.lee5-umw/thyme_lab_internship_2024/dock6/input_files/andr
user_name                      laura.lee5-umw

________________General_Parameters________________
compute_grids                  yes
grid_spacing                   0.4
output_molecule                no

________________Scoring_Parameters________________
contact_score                  no
energy_score                   yes
energy_cutoff_distance         9999
atom_model                     a
attractive_exponent            6
repulsive_exponent             9
distance_dielectric            yes
dielectric_factor              4
allow_non_integral_charges     yes
bump_filter                    yes
bump_overlap                   0.75

____________________File_Input____________________
receptor_file                  andr.mol2
box_file                       andr.box.pdb
vdw_definition_file            /home/laura.lee5-umw/dock6/parameters/vdw_AMBER_parm99.defn

____________________File_Output___________________
score_grid_prefix              grid



Reading in coordinates of receptor.
CHARGED RESIDUE PHE                     :    0.808
CHARGED RESIDUE LEU                     :   -0.272
CHARGED RESIDUE ASN                     :   -1.375
CHARGED RESIDUE VAL                     :   -0.272
CHARGED RESIDUE LEU                     :   -0.272
CHARGED RESIDUE GLU                     :   -1.294
CHARGED RESIDUE ALA                     :   -0.272
CHARGED RESIDUE ILE                     :   -0.272
CHARGED RESIDUE GLU                     :   -1.294
CHARGED RESIDUE GLY                     :   -0.272
CHARGED RESIDUE VAL                     :   -0.272
CHARGED RESIDUE VAL                     :   -0.272
CHARGED RESIDUE CYS                     :   -1.272
CHARGED RESIDUE ALA                     :   -0.272
CHARGED RESIDUE GLY                     :   -0.272
CHARGED RESIDUE HIS                     :   -0.001
CHARGED RESIDUE ASP                     :   -1.294
CHARGED RESIDUE ASN                     :   -1.375
CHARGED RESIDUE ASN                     :   -1.375
CHARGED RESIDUE GLN                     :   -1.312
CHARGED RESIDUE ASP                     :   -1.294
CHARGED RESIDUE SER                     :   -0.699
CHARGED RESIDUE PHE                     :   -0.272
CHARGED RESIDUE ALA                     :   -0.272
CHARGED RESIDUE ALA                     :   -0.272
CHARGED RESIDUE LEU                     :   -0.272
CHARGED RESIDUE LEU                     :   -0.272
CHARGED RESIDUE SER                     :   -0.699
CHARGED RESIDUE SER                     :   -0.699
CHARGED RESIDUE LEU                     :   -0.272
CHARGED RESIDUE ASN                     :   -1.375
CHARGED RESIDUE GLU                     :   -1.294
CHARGED RESIDUE LEU                     :   -0.272
CHARGED RESIDUE GLY                     :   -0.272
CHARGED RESIDUE GLU                     :   -1.294
CHARGED RESIDUE ARG                     :   -1.827
CHARGED RESIDUE GLN                     :   -1.312
CHARGED RESIDUE LEU                     :   -0.272
CHARGED RESIDUE VAL                     :   -0.272
CHARGED RESIDUE HIS                     :   -0.001
CHARGED RESIDUE VAL                     :   -0.272
CHARGED RESIDUE VAL                     :   -0.272
CHARGED RESIDUE LYS                     :   -0.295
CHARGED RESIDUE TRP                     :   -1.613
CHARGED RESIDUE ALA                     :   -0.272
CHARGED RESIDUE LYS                     :   -0.295
CHARGED RESIDUE ALA                     :   -0.272
CHARGED RESIDUE LEU                     :   -0.272
CHARGED RESIDUE GLY                     :   -0.272
CHARGED RESIDUE PHE                     :   -0.272
CHARGED RESIDUE ARG                     :   -1.827
CHARGED RESIDUE ASN                     :   -1.375
CHARGED RESIDUE LEU                     :   -0.272
CHARGED RESIDUE HIS                     :   -0.001
CHARGED RESIDUE VAL                     :   -0.272
CHARGED RESIDUE ASP                     :   -1.294
CHARGED RESIDUE ASP                     :   -1.294
CHARGED RESIDUE GLN                     :   -1.312
CHARGED RESIDUE MET                     :   -0.272
CHARGED RESIDUE ALA                     :   -0.272
CHARGED RESIDUE VAL                     :   -0.272
CHARGED RESIDUE ILE                     :   -0.272
CHARGED RESIDUE GLN                     :   -1.312
CHARGED RESIDUE TYR                     :   -0.671
CHARGED RESIDUE SER                     :   -0.699
CHARGED RESIDUE TRP                     :   -1.613
CHARGED RESIDUE MET                     :   -0.272
CHARGED RESIDUE GLY                     :   -0.272
CHARGED RESIDUE LEU                     :   -0.272
CHARGED RESIDUE MET                     :   -0.272
CHARGED RESIDUE VAL                     :   -0.272
CHARGED RESIDUE PHE                     :   -0.272
CHARGED RESIDUE ALA                     :   -0.272
CHARGED RESIDUE MET                     :   -0.272
CHARGED RESIDUE GLY                     :   -0.272
CHARGED RESIDUE TRP                     :   -1.613
CHARGED RESIDUE ARG                     :   -1.827
CHARGED RESIDUE SER                     :   -0.699
CHARGED RESIDUE PHE                     :   -0.272
CHARGED RESIDUE THR                     :   -0.980
CHARGED RESIDUE ASN                     :   -1.375
CHARGED RESIDUE VAL                     :   -0.272
CHARGED RESIDUE ASN                     :   -1.375
CHARGED RESIDUE SER                     :   -0.699
CHARGED RESIDUE ARG                     :   -1.827
CHARGED RESIDUE MET                     :   -0.272
CHARGED RESIDUE LEU                     :   -0.272
CHARGED RESIDUE TYR                     :   -0.671
CHARGED RESIDUE PHE                     :   -0.272
CHARGED RESIDUE ALA                     :   -0.272
CHARGED RESIDUE ASP                     :   -1.294
CHARGED RESIDUE LEU                     :   -0.272
CHARGED RESIDUE VAL                     :   -0.272
CHARGED RESIDUE PHE                     :   -0.272
CHARGED RESIDUE ASN                     :   -1.375
CHARGED RESIDUE GLU                     :   -1.294
CHARGED RESIDUE TYR                     :   -0.671
CHARGED RESIDUE ARG                     :   -1.827
CHARGED RESIDUE MET                     :   -0.272
CHARGED RESIDUE HIS                     :   -0.001
CHARGED RESIDUE LYS                     :   -0.295
CHARGED RESIDUE SER                     :   -0.699
CHARGED RESIDUE ARG                     :   -1.827
CHARGED RESIDUE MET                     :   -0.272
CHARGED RESIDUE TYR                     :   -0.671
CHARGED RESIDUE SER                     :   -0.699
CHARGED RESIDUE GLN                     :   -1.312
CHARGED RESIDUE CYS                     :   -1.272
CHARGED RESIDUE VAL                     :   -0.272
CHARGED RESIDUE ARG                     :   -1.827
CHARGED RESIDUE MET                     :   -0.272
CHARGED RESIDUE ARG                     :   -1.827
CHARGED RESIDUE HIS                     :   -0.001
CHARGED RESIDUE LEU                     :   -0.272
CHARGED RESIDUE SER                     :   -0.699
CHARGED RESIDUE GLN                     :   -1.312
CHARGED RESIDUE GLU                     :   -1.294
CHARGED RESIDUE PHE                     :   -0.272
CHARGED RESIDUE GLY                     :   -0.272
CHARGED RESIDUE TRP                     :   -1.613
CHARGED RESIDUE LEU                     :   -0.272
CHARGED RESIDUE GLN                     :   -1.312
CHARGED RESIDUE ILE                     :   -0.272
CHARGED RESIDUE THR                     :   -0.980
CHARGED RESIDUE GLN                     :   -1.312
CHARGED RESIDUE GLU                     :   -1.294
CHARGED RESIDUE PHE                     :   -0.272
CHARGED RESIDUE LEU                     :   -0.272
CHARGED RESIDUE CYS                     :   -1.272
CHARGED RESIDUE MET                     :   -0.272
CHARGED RESIDUE LYS                     :   -0.295
CHARGED RESIDUE ALA                     :   -0.272
CHARGED RESIDUE LEU                     :   -0.272
CHARGED RESIDUE LEU                     :   -0.272
CHARGED RESIDUE LEU                     :   -0.272
CHARGED RESIDUE PHE                     :   -0.272
CHARGED RESIDUE SER                     :   -0.699
CHARGED RESIDUE ILE                     :   -0.272
CHARGED RESIDUE ILE                     :   -0.272
CHARGED RESIDUE VAL                     :   -0.272
CHARGED RESIDUE ASP                     :   -1.294
CHARGED RESIDUE GLY                     :   -0.272
CHARGED RESIDUE LEU                     :   -0.272
CHARGED RESIDUE LYS                     :   -0.295
CHARGED RESIDUE GLN                     :   -1.312
CHARGED RESIDUE PHE                     :   -0.272
CHARGED RESIDUE PHE                     :   -0.272
CHARGED RESIDUE ASP                     :   -1.294
CHARGED RESIDUE LEU                     :   -0.272
CHARGED RESIDUE ARG                     :   -1.827
CHARGED RESIDUE MET                     :   -0.272
CHARGED RESIDUE ASN                     :   -1.375
CHARGED RESIDUE TYR                     :   -0.671
CHARGED RESIDUE ILE                     :   -0.272
CHARGED RESIDUE GLU                     :   -1.294
CHARGED RESIDUE LEU                     :   -0.272
CHARGED RESIDUE ILE                     :   -0.272
CHARGED RESIDUE ILE                     :   -0.272
CHARGED RESIDUE ARG                     :   -1.827
CHARGED RESIDUE PHE                     :   -0.272
CHARGED RESIDUE TYR                     :   -0.671
CHARGED RESIDUE GLN                     :   -1.312
CHARGED RESIDUE LEU                     :   -0.272
CHARGED RESIDUE THR                     :   -0.980
CHARGED RESIDUE LYS                     :   -0.295
CHARGED RESIDUE LEU                     :   -0.272
CHARGED RESIDUE LEU                     :   -0.272
CHARGED RESIDUE ASP                     :   -1.294
CHARGED RESIDUE SER                     :   -0.699
CHARGED RESIDUE VAL                     :   -0.272
CHARGED RESIDUE GLN                     :   -1.312
CHARGED RESIDUE ILE                     :   -0.272
CHARGED RESIDUE ALA                     :   -0.272
CHARGED RESIDUE ARG                     :   -1.827
CHARGED RESIDUE GLU                     :   -1.294
CHARGED RESIDUE LEU                     :   -0.272
CHARGED RESIDUE HIS                     :   -0.001
CHARGED RESIDUE GLN                     :   -1.312
CHARGED RESIDUE PHE                     :   -0.272
CHARGED RESIDUE THR                     :   -0.980
CHARGED RESIDUE PHE                     :   -0.272
CHARGED RESIDUE ASP                     :   -1.294
CHARGED RESIDUE LEU                     :   -0.272
CHARGED RESIDUE LEU                     :   -0.272
CHARGED RESIDUE ILE                     :   -0.272
CHARGED RESIDUE LYS                     :   -0.295
CHARGED RESIDUE SER                     :   -0.699
CHARGED RESIDUE HIS                     :   -0.001
CHARGED RESIDUE MET                     :   -0.272
CHARGED RESIDUE VAL                     :   -0.272
CHARGED RESIDUE SER                     :   -0.699
CHARGED RESIDUE VAL                     :   -0.272
CHARGED RESIDUE ASP                     :   -1.294
CHARGED RESIDUE PHE                     :   -0.272
CHARGED RESIDUE GLU                     :   -1.294
CHARGED RESIDUE MET                     :   -0.272
CHARGED RESIDUE MET                     :   -0.272
CHARGED RESIDUE ALA                     :   -0.272
CHARGED RESIDUE GLU                     :   -1.294
CHARGED RESIDUE ILE                     :   -0.272
CHARGED RESIDUE ILE                     :   -0.272
CHARGED RESIDUE SER                     :   -0.699
CHARGED RESIDUE VAL                     :   -0.272
CHARGED RESIDUE GLN                     :   -1.312
CHARGED RESIDUE VAL                     :   -0.272
CHARGED RESIDUE LYS                     :   -0.295
CHARGED RESIDUE ILE                     :   -0.272
CHARGED RESIDUE LEU                     :   -0.272
CHARGED RESIDUE SER                     :   -0.699
CHARGED RESIDUE GLY                     :   -0.272
CHARGED RESIDUE LYS                     :   -0.295
CHARGED RESIDUE VAL                     :   -0.272
CHARGED RESIDUE LYS                     :   -0.295
CHARGED RESIDUE ILE                     :   -0.272
CHARGED RESIDUE TYR                     :   -0.671
CHARGED RESIDUE PHE                     :   -0.272
CHARGED RESIDUE HIS                     :   -0.001
CHARGED RESIDUE THR                     :   -0.980
CHARGED RESIDUE GLN                     :   -2.383

Total charge on andr.pdb                : -141.758

Reading in grid box information.
Box center of mass                      :   20.890    5.899   10.309
Box dimensions                          :   62.596   56.504   73.872
Number of grid points per side [x y z]  :      158      143      186
Total number of grid points             :  4202484

Generating scoring grids.
