

        UUUUUUU    CCCCCCCC    SSSSSSS/  FFFFFFFFF  
      UU/    UU/  CC/    CC/     SS/     FF/    FF/ 
     UU/         CCCCCCCC/      SS/     FF/    FF/  
    UU/  UUUU/  CC/ CC\        SS/     FF/    FF/   
   UU/    UU/  CC/   CC\      SS/     FF/    FF/    
   UUUUUUU/   CC/     CC\  SSSSSS/  FFFFFFFFF/      


University of California at San Francisco, DOCK 4.0.1

__________________Job_Information_________________
launch_time                    Tue Jun 18 10:54:09 2024
host_name                      unknown
memory_limit                   0
working_directory              /home/laura.lee5-umw/thyme_lab_internship_2024/dock6/input_files/aa2ar
user_name                      laura.lee5-umw

________________General_Parameters________________
compute_grids                  yes
grid_spacing                   0.4
output_molecule                no

________________Scoring_Parameters________________
contact_score                  no
energy_score                   yes
energy_cutoff_distance         9999
atom_model                     a
attractive_exponent            6
repulsive_exponent             9
distance_dielectric            yes
dielectric_factor              4
allow_non_integral_charges     yes
bump_filter                    yes
bump_overlap                   0.75

____________________File_Input____________________
receptor_file                  aa2ar.mol2
box_file                       aa2ar.box.pdb
vdw_definition_file            /home/laura.lee5-umw/dock6/parameters/vdw_AMBER_parm99.defn

____________________File_Output___________________
score_grid_prefix              grid



Reading in coordinates of receptor.
CHARGED RESIDUE ILE                     :    1.000
CHARGED RESIDUE GLU                     :   -1.000
CHARGED RESIDUE ASP                     :   -1.000
CHARGED RESIDUE ASP                     :   -1.000
CHARGED RESIDUE ARG                     :    1.000
CHARGED RESIDUE ARG                     :    1.000
CHARGED RESIDUE ARG                     :    1.000
CHARGED RESIDUE ARG                     :    1.000
CHARGED RESIDUE LYS                     :    1.000
CHARGED RESIDUE GLU                     :   -1.000
CHARGED RESIDUE GLU                     :   -1.000
CHARGED RESIDUE ASP                     :   -1.000
CHARGED RESIDUE ARG                     :    1.000
CHARGED RESIDUE ARG                     :    1.000
CHARGED RESIDUE ARG                     :    1.000
CHARGED RESIDUE ARG                     :    1.000
CHARGED RESIDUE LYS                     :    1.000
CHARGED RESIDUE GLU                     :   -1.000
CHARGED RESIDUE LYS                     :    1.000
CHARGED RESIDUE ASP                     :   -1.000
CHARGED RESIDUE HIS                     :    1.000
CHARGED RESIDUE ARG                     :    1.000
CHARGED RESIDUE ARG                     :    1.000
CHARGED RESIDUE GLU                     :   -1.000
CHARGED RESIDUE ARG                     :    1.000
CHARGED RESIDUE ARG                     :    1.000
CHARGED RESIDUE LYS                     :    1.000
CHARGED RESIDUE ARG                     :    1.000
CHARGED RESIDUE ARG                     :    1.000

Total charge on aa2ar.pdb               :   11.000

Reading in grid box information.
Box center of mass                      :   -6.362   -6.164   41.183
Box dimensions                          :   60.757   68.143   86.485
Number of grid points per side [x y z]  :      153      172      218
Total number of grid points             :  5736888

Generating scoring grids.
Percent of protein atoms processed      :        0
Percent of protein atoms processed      :       10
Percent of protein atoms processed      :       20
Percent of protein atoms processed      :       30
Percent of protein atoms processed      :       40
Percent of protein atoms processed      :       50
Percent of protein atoms processed      :       60
Percent of protein atoms processed      :       70
Percent of protein atoms processed      :       80
Percent of protein atoms processed      :       90
Writing general grid info to grid.bmp
Writing bump grid to grid.bmp
Writing energy grids to grid.nrg
  Writing attractive VDW energy grid
  Writing repulsive VDW energy grid
  Writing electrostatic energy grid

Finished calculation.
