##############################################################################################################
#
# Rosetta crash log. Please submit the contents of this file to http://crash.rosettacommons.org/
# or use the script Rosetta/main/source/scripts/python/public/report_crashes.py
#

[START_CRASH_REPORT]
[ROSETTA_VERSION]: 2020.22.post.dev+852.LigandMotifLibraryAnalysis.752e329
[COMMIT_DATE]: 2021-06-18T22:36:35
[APPLICATION]: /data/project/thymelab/running_Rosetta/ari_work/Rosetta_Code_copy/main/source/bin/neighbor.linuxgccrelease
[MODE]: Release
[EXTRAS]: default
[OS]: GNU/Linux
[COMPILER]: GCC version "4.8.5 20150623 (Red Hat 4.8.5-39)"
[STDLIB]: libstdc++ version 20150623
[START_OPTIONS]
 -in:file:l=list.txt -motifs:params_directory_path=test_params/

[END_OPTIONS]

[START_BACKTRACE]: RAW_LIBC
/data/project/thymelab/running_Rosetta/ari_work/Rosetta_Code_copy/main/source/build/src/release/linux/3.10/64/x86/gcc/8.2/default/libcore.6.so(backtrace_string(int)+0x39) [0x2aaab4e79d79]
/data/project/thymelab/running_Rosetta/ari_work/Rosetta_Code_copy/main/source/build/src/release/linux/3.10/64/x86/gcc/8.2/default/libutility.so(utility::excn::Exception::Exception(char const*, int, std::string const&)+0x51) [0x2aaaba24fda1]
/data/project/thymelab/running_Rosetta/ari_work/Rosetta_Code_copy/main/source/build/src/release/linux/3.10/64/x86/gcc/8.2/default/libutility.so(utility::exit(char const*, int, std::string const&, int)+0xa5) [0x2aaaba2f4f15]
/data/project/thymelab/running_Rosetta/ari_work/Rosetta_Code_copy/main/source/build/src/release/linux/3.10/64/x86/gcc/8.2/default/libcore.2.so(core::chemical::read_topology_file(std::istream&, std::string const&, std::weak_ptr<core::chemical::AtomTypeSet const>, std::weak_ptr<core::chemical::ElementSet const>, std::weak_ptr<core::chemical::MMAtomTypeSet const>, std::weak_ptr<core::chemical::orbitals::OrbitalTypeSet const>)+0x2df9) [0x2aaab8c883d9]
/data/project/thymelab/running_Rosetta/ari_work/Rosetta_Code_copy/main/source/build/src/release/linux/3.10/64/x86/gcc/8.2/default/libcore.2.so(core::chemical::read_topology_file(std::string const&, std::weak_ptr<core::chemical::AtomTypeSet const>, std::weak_ptr<core::chemical::ElementSet const>, std::weak_ptr<core::chemical::MMAtomTypeSet const>, std::weak_ptr<core::chemical::orbitals::OrbitalTypeSet const>)+0x362) [0x2aaab8c8c0d2]
/data/project/thymelab/running_Rosetta/ari_work/Rosetta_Code_copy/main/source/build/src/release/linux/3.10/64/x86/gcc/8.2/default/libcore.2.so(core::chemical::GlobalResidueTypeSet::init_restypes_from_database()+0x817) [0x2aaab8bdf407]
/data/project/thymelab/running_Rosetta/ari_work/Rosetta_Code_copy/main/source/build/src/release/linux/3.10/64/x86/gcc/8.2/default/libcore.2.so(core::chemical::GlobalResidueTypeSet::GlobalResidueTypeSet(std::string const&, std::string const&)+0x199) [0x2aaab8bebaa9]
/data/project/thymelab/running_Rosetta/ari_work/Rosetta_Code_copy/main/source/bin/neighbor.linuxgccrelease() [0x409d16]
/lib64/libc.so.6(__libc_start_main+0xf5) [0x2aaabc23c555]
/data/project/thymelab/running_Rosetta/ari_work/Rosetta_Code_copy/main/source/bin/neighbor.linuxgccrelease() [0x40c1b7]

[END_BACKTRACE]

[FILE]: src/core/chemical/residue_io.cc
[LINE]: 696
[START_MESSAGE]
[ ERROR ] UtilityExitException
ERROR: Residue topology file 'test_params/pde5a_lig.params' does not contain valid ATOM records.



[END_MESSAGE]
[END_CRASH_REPORT]

