


--------------------------------------
DOCK v6.11

Released November 2023
Copyright UCSF
--------------------------------------


Conformational Sampling Parameters
------------------------------------------------------------------------------------------
Warning:  No legal value found for parameter conformer_search_type.
  The default value of "flex" will be used.
Warning:  No legal value found for parameter write_fragment_libraries.
  The default value of "no" will be used.

Anchor & Grow Parameters
------------------------------------------------------------------------------------------
Warning:  No legal value found for parameter user_specified_anchor.
  The default value of "no" will be used.
Warning:  No legal value found for parameter limit_max_anchors.
  The default value of "no" will be used.
Warning:  No legal value found for parameter min_anchor_size.
  The default value of "5" will be used.
Warning:  No legal value found for parameter pruning_use_clustering.
  The default value of "yes" will be used.
Warning:  No legal value found for parameter pruning_max_orients.
  The default value of "1000" will be used.
Warning:  No legal value found for parameter pruning_clustering_cutoff.
  The default value of "100" will be used.
Warning:  No legal value found for parameter pruning_conformer_score_cutoff.
  The default value of "100.0" will be used.
Warning:  No legal value found for parameter pruning_conformer_score_scaling_factor.
  The default value of "1.0" will be used.
Warning:  No legal value found for parameter use_clash_overlap.
  The default value of "no" will be used.
Warning:  No legal value found for parameter write_growth_tree.
  The default value of "no" will be used.

Internal Energy Parameters
------------------------------------------------------------------------------------------
Warning:  No legal value found for parameter use_internal_energy.
  The default value of "yes" will be used.
Warning:  No legal value found for parameter internal_energy_rep_exp.
  The default value of "12" will be used.
Warning:  No legal value found for parameter internal_energy_cutoff.
  The default value of "100.0" will be used.
Note: Internal energy only includes repulsive VDW for growth and/or minimization.

Molecule Library Input Parameters
------------------------------------------------------------------------------------------
Warning:  No legal value found for parameter ligand_atom_file.
  The default value of "database.mol2" will be used.
Warning:  No legal value found for parameter limit_max_ligands.
  The default value of "no" will be used.
Warning:  No legal value found for parameter skip_molecule.
  The default value of "no" will be used.
Warning:  No legal value found for parameter read_mol_solvation.
  The default value of "no" will be used.
Warning:  No legal value found for parameter calculate_rmsd.
  The default value of "no" will be used.

Database Filter Parameters
------------------------------------------------------------------------------------------
Warning:  No legal value found for parameter use_database_filter.
  The default value of "no" will be used.

Orient Ligand Parameters
------------------------------------------------------------------------------------------
Warning:  No legal value found for parameter orient_ligand.
  The default value of "yes" will be used.
Warning:  No legal value found for parameter automated_matching.
  The default value of "yes" will be used.
Warning:  No legal value found for parameter receptor_site_file.
  The default value of "receptor.sph" will be used.
Warning:  No legal value found for parameter max_orientations.
  The default value of "1000" will be used.
Warning:  No legal value found for parameter critical_points.
  The default value of "no" will be used.
Warning:  No legal value found for parameter chemical_matching.
  The default value of "no" will be used.
Warning:  No legal value found for parameter use_ligand_spheres.
  The default value of "no" will be used.

Bump Filter Parameters
------------------------------------------------------------------------------------------
Warning:  No legal value found for parameter bump_filter.
  The default value of "no" will be used.

Master Score Parameters
------------------------------------------------------------------------------------------
Warning:  No legal value found for parameter score_molecules.
  The default value of "yes" will be used.

Contact Score Parameters
------------------------------------------------------------------------------------------
Warning:  No legal value found for parameter contact_score_primary.
  The default value of "no" will be used.

Grid Score Parameters
------------------------------------------------------------------------------------------
Warning:  No legal value found for parameter grid_score_primary.
  The default value of "yes" will be used.
Warning:  No legal value found for parameter grid_score_rep_rad_scale.
  The default value of "1" will be used.
Warning:  No legal value found for parameter grid_score_vdw_scale.
  The default value of "1" will be used.
Warning:  No legal value found for parameter grid_score_es_scale.
  The default value of "1" will be used.
Warning:  No legal value found for parameter grid_score_grid_prefix.
  The default value of "grid" will be used.

MultiGrid Score Parameters
------------------------------------------------------------------------------------------

Dock3.5 Score Parameters
------------------------------------------------------------------------------------------

Continuous Energy Score Parameters
------------------------------------------------------------------------------------------

Footprint Similarity Score Parameters
------------------------------------------------------------------------------------------

Pharmacophore Similarity Score Parameters
------------------------------------------------------------------------------------------

Hbond Energy Score Parameters
------------------------------------------------------------------------------------------

Internal Energy Score Parameters
------------------------------------------------------------------------------------------

Descriptor Score Parameters
------------------------------------------------------------------------------------------

Zou GB/SA Score Parameters
------------------------------------------------------------------------------------------

Hawkins GB/SA Score Parameters
------------------------------------------------------------------------------------------

SASA Score Parameters
------------------------------------------------------------------------------------------

Amber Score Parameters
------------------------------------------------------------------------------------------

Simplex Minimization Parameters
------------------------------------------------------------------------------------------
Warning:  No legal value found for parameter minimize_ligand.
  The default value of "yes" will be used.
Warning:  No legal value found for parameter minimize_anchor.
  The default value of "yes" will be used.
Warning:  No legal value found for parameter minimize_flexible_growth.
  The default value of "yes" will be used.
Warning:  No legal value found for parameter use_advanced_simplex_parameters.
  The default value of "no" will be used.
Warning:  No legal value found for parameter minimize_flexible_growth_ramp.
  The default value of "no" will be used.
Warning:  No legal value found for parameter simplex_max_cycles.
  The default value of "1" will be used.
Warning:  No legal value found for parameter simplex_score_converge.
  The default value of "0.1" will be used.
Warning:  No legal value found for parameter simplex_cycle_converge.
  The default value of "1.0" will be used.
Warning:  No legal value found for parameter simplex_trans_step.
  The default value of "1.0" will be used.
Warning:  No legal value found for parameter simplex_rot_step.
  The default value of "0.1" will be used.
Warning:  No legal value found for parameter simplex_tors_step.
  The default value of "10.0" will be used.
Warning:  No legal value found for parameter simplex_anchor_max_iterations.
  The default value of "500" will be used.
Warning:  No legal value found for parameter simplex_grow_max_iterations.
  The default value of "250" will be used.
Warning:  No legal value found for parameter simplex_grow_tors_premin_iterations.
  The default value of "0" will be used.
Warning:  No legal value found for parameter simplex_random_seed.
  The default value of "0" will be used.
Warning:  No legal value found for parameter simplex_restraint_min.
  The default value of "no" will be used.

Atom Typing Parameters
------------------------------------------------------------------------------------------
Warning:  No legal value found for parameter atom_model.
  The default value of "all" will be used.
Warning:  No legal value found for parameter vdw_defn_file.
  The default value of "vdw.defn" will be used.
Warning:  No legal value found for parameter flex_defn_file.
  The default value of "flex.defn" will be used.
Warning:  No legal value found for parameter flex_drive_file.
  The default value of "flex_drive.tbl" will be used.

Molecule Library Output Parameters
------------------------------------------------------------------------------------------
Warning:  No legal value found for parameter ligand_outfile_prefix.
  The default value of "output" will be used.
Warning:  No legal value found for parameter write_orientations.
  The default value of "no" will be used.
Warning:  No legal value found for parameter num_scored_conformers.
  The default value of "1" will be used.
Warning:  No legal value found for parameter rank_ligands.
  The default value of "no" will be used.
