

        UUUUUUU    CCCCCCCC    SSSSSSS/  FFFFFFFFF  
      UU/    UU/  CC/    CC/     SS/     FF/    FF/ 
     UU/         CCCCCCCC/      SS/     FF/    FF/  
    UU/  UUUU/  CC/ CC\        SS/     FF/    FF/   
   UU/    UU/  CC/   CC\      SS/     FF/    FF/    
   UUUUUUU/   CC/     CC\  SSSSSS/  FFFFFFFFF/      


University of California at San Francisco, DOCK 4.0.1

__________________Job_Information_________________
launch_time                    Fri Jun 14 16:05:58 2024
host_name                      unknown
memory_limit                   0
working_directory              /home/laura.lee5-umw/thyme_lab_internship_2024/dock6/input_files/src
user_name                      laura.lee5-umw

________________General_Parameters________________
compute_grids                  yes
grid_spacing                   0.4
output_molecule                no

________________Scoring_Parameters________________
contact_score                  no
energy_score                   yes
energy_cutoff_distance         9999
atom_model                     a
attractive_exponent            6
repulsive_exponent             9
distance_dielectric            yes
dielectric_factor              4
allow_non_integral_charges     yes
bump_filter                    yes
bump_overlap                   0.75

____________________File_Input____________________
receptor_file                  src.mol2
box_file                       src.box.pdb
vdw_definition_file            /home/laura.lee5-umw/dock6/parameters/vdw_AMBER_parm99.defn

____________________File_Output___________________
score_grid_prefix              grid



Reading in coordinates of receptor.
CHARGED RESIDUE ASP                     :   -0.220
CHARGED RESIDUE ALA                     :   -0.272
CHARGED RESIDUE TRP                     :   -1.613
CHARGED RESIDUE GLU                     :   -1.294
CHARGED RESIDUE ILE                     :   -0.272
CHARGED RESIDUE ARG                     :   -1.827
CHARGED RESIDUE GLU                     :   -1.294
CHARGED RESIDUE SER                     :   -0.699
CHARGED RESIDUE LEU                     :   -0.272
CHARGED RESIDUE ARG                     :   -1.827
CHARGED RESIDUE LEU                     :   -0.272
CHARGED RESIDUE GLU                     :   -1.294
CHARGED RESIDUE VAL                     :   -0.272
CHARGED RESIDUE LYS                     :   -0.295
CHARGED RESIDUE LEU                     :   -0.272
CHARGED RESIDUE GLY                     :   -0.272
CHARGED RESIDUE GLN                     :   -1.312
CHARGED RESIDUE GLY                     :   -0.272
CHARGED RESIDUE CYS                     :   -1.272
CHARGED RESIDUE PHE                     :   -0.272
CHARGED RESIDUE GLY                     :   -0.272
CHARGED RESIDUE GLU                     :   -1.294
CHARGED RESIDUE VAL                     :   -0.272
CHARGED RESIDUE TRP                     :   -1.613
CHARGED RESIDUE MET                     :   -0.272
CHARGED RESIDUE GLY                     :   -0.272
CHARGED RESIDUE THR                     :   -0.980
CHARGED RESIDUE TRP                     :   -1.613
CHARGED RESIDUE ASN                     :   -1.375
CHARGED RESIDUE GLY                     :   -0.272
CHARGED RESIDUE THR                     :   -0.980
CHARGED RESIDUE THR                     :   -0.980
CHARGED RESIDUE ARG                     :   -1.827
CHARGED RESIDUE VAL                     :   -0.272
CHARGED RESIDUE ALA                     :   -0.272
CHARGED RESIDUE ILE                     :   -0.272
CHARGED RESIDUE LYS                     :   -0.295
CHARGED RESIDUE THR                     :   -0.980
CHARGED RESIDUE LEU                     :   -0.272
CHARGED RESIDUE LYS                     :   -0.295
CHARGED RESIDUE GLY                     :   -0.272
CHARGED RESIDUE THR                     :   -0.980
CHARGED RESIDUE MET                     :   -0.272
CHARGED RESIDUE SER                     :   -0.699
CHARGED RESIDUE GLU                     :   -1.294
CHARGED RESIDUE ALA                     :   -0.272
CHARGED RESIDUE PHE                     :   -0.272
CHARGED RESIDUE LEU                     :   -0.272
CHARGED RESIDUE GLN                     :   -1.312
CHARGED RESIDUE GLU                     :   -1.294
CHARGED RESIDUE ALA                     :   -0.272
CHARGED RESIDUE GLN                     :   -1.312
CHARGED RESIDUE VAL                     :   -0.272
CHARGED RESIDUE MET                     :   -0.272
CHARGED RESIDUE LYS                     :   -0.295
CHARGED RESIDUE LYS                     :   -0.295
CHARGED RESIDUE LEU                     :   -0.272
CHARGED RESIDUE ARG                     :   -1.827
CHARGED RESIDUE HIS                     :    0.001
CHARGED RESIDUE GLU                     :   -1.294
CHARGED RESIDUE LYS                     :   -0.295
CHARGED RESIDUE LEU                     :   -0.272
CHARGED RESIDUE VAL                     :   -0.272
CHARGED RESIDUE GLN                     :   -1.312
CHARGED RESIDUE LEU                     :   -0.272
CHARGED RESIDUE TYR                     :   -0.671
CHARGED RESIDUE ALA                     :   -0.272
CHARGED RESIDUE VAL                     :   -0.272
CHARGED RESIDUE VAL                     :   -0.272
CHARGED RESIDUE SER                     :   -0.699
CHARGED RESIDUE GLU                     :   -1.294
CHARGED RESIDUE GLU                     :   -1.294
CHARGED RESIDUE ILE                     :   -0.272
CHARGED RESIDUE TYR                     :   -0.671
CHARGED RESIDUE ILE                     :   -0.272
CHARGED RESIDUE VAL                     :   -0.272
CHARGED RESIDUE THR                     :   -0.980
CHARGED RESIDUE GLU                     :   -1.294
CHARGED RESIDUE TYR                     :   -0.671
CHARGED RESIDUE GLY                     :   -0.412
CHARGED RESIDUE SER                     :   -0.699
CHARGED RESIDUE LYS                     :   -0.295
CHARGED RESIDUE GLY                     :   -0.272
CHARGED RESIDUE SER                     :   -0.699
CHARGED RESIDUE LEU                     :   -0.272
CHARGED RESIDUE LEU                     :   -0.272
CHARGED RESIDUE ASP                     :   -1.294
CHARGED RESIDUE PHE                     :   -0.272
CHARGED RESIDUE LEU                     :   -0.272
CHARGED RESIDUE LYS                     :   -0.295
CHARGED RESIDUE GLY                     :   -0.272
CHARGED RESIDUE GLU                     :   -1.294
CHARGED RESIDUE MET                     :   -0.272
CHARGED RESIDUE GLY                     :   -0.272
CHARGED RESIDUE LYS                     :   -0.295
CHARGED RESIDUE TYR                     :   -0.671
CHARGED RESIDUE LEU                     :   -0.272
CHARGED RESIDUE ARG                     :   -1.827
CHARGED RESIDUE LEU                     :   -0.272
CHARGED RESIDUE GLN                     :   -1.312
CHARGED RESIDUE LEU                     :   -0.272
CHARGED RESIDUE VAL                     :   -0.272
CHARGED RESIDUE ASP                     :   -1.294
CHARGED RESIDUE MET                     :   -0.272
CHARGED RESIDUE ALA                     :   -0.272
CHARGED RESIDUE ALA                     :   -0.272
CHARGED RESIDUE GLN                     :   -1.312
CHARGED RESIDUE ILE                     :   -0.272
CHARGED RESIDUE ALA                     :   -0.272
CHARGED RESIDUE SER                     :   -0.699
CHARGED RESIDUE GLY                     :   -0.272
CHARGED RESIDUE MET                     :   -0.272
CHARGED RESIDUE ALA                     :   -0.272
CHARGED RESIDUE TYR                     :   -0.671
CHARGED RESIDUE VAL                     :   -0.272
CHARGED RESIDUE GLU                     :   -1.294
CHARGED RESIDUE ARG                     :   -1.827
CHARGED RESIDUE MET                     :   -0.272
CHARGED RESIDUE ASN                     :   -1.375
CHARGED RESIDUE TYR                     :   -0.671
CHARGED RESIDUE VAL                     :   -0.272
CHARGED RESIDUE HIS                     :    0.001
CHARGED RESIDUE ARG                     :   -1.827
CHARGED RESIDUE ASP                     :   -1.294
CHARGED RESIDUE LEU                     :   -0.272
CHARGED RESIDUE ARG                     :   -1.827
CHARGED RESIDUE ALA                     :   -0.272
CHARGED RESIDUE ALA                     :   -0.272
CHARGED RESIDUE ASN                     :   -1.375
CHARGED RESIDUE ILE                     :   -0.272
CHARGED RESIDUE LEU                     :   -0.272
CHARGED RESIDUE VAL                     :   -0.272
CHARGED RESIDUE GLY                     :   -0.272
CHARGED RESIDUE GLU                     :   -1.294
CHARGED RESIDUE ASN                     :   -1.375
CHARGED RESIDUE LEU                     :   -0.272
CHARGED RESIDUE VAL                     :   -0.272
CHARGED RESIDUE CYS                     :   -1.272
CHARGED RESIDUE LYS                     :   -0.295
CHARGED RESIDUE VAL                     :   -0.272
CHARGED RESIDUE ALA                     :   -0.272
CHARGED RESIDUE ASP                     :   -1.294
CHARGED RESIDUE PHE                     :   -0.272
CHARGED RESIDUE GLY                     :   -0.272
CHARGED RESIDUE LEU                     :   -0.272
CHARGED RESIDUE ALA                     :   -0.272
CHARGED RESIDUE ARG                     :   -1.827
CHARGED RESIDUE LEU                     :   -0.272
CHARGED RESIDUE PHE                     :   -0.272
CHARGED RESIDUE ILE                     :   -0.272
CHARGED RESIDUE LYS                     :   -0.295
CHARGED RESIDUE TRP                     :   -1.613
CHARGED RESIDUE THR                     :   -0.980
CHARGED RESIDUE ALA                     :   -0.272
CHARGED RESIDUE GLU                     :   -1.294
CHARGED RESIDUE ALA                     :   -0.272
CHARGED RESIDUE ALA                     :   -0.272
CHARGED RESIDUE LEU                     :   -0.272
CHARGED RESIDUE TYR                     :   -0.671
CHARGED RESIDUE GLY                     :   -0.272
CHARGED RESIDUE ARG                     :   -1.827
CHARGED RESIDUE PHE                     :   -0.272
CHARGED RESIDUE THR                     :   -0.980
CHARGED RESIDUE ILE                     :   -0.272
CHARGED RESIDUE LYS                     :   -0.295
CHARGED RESIDUE SER                     :   -0.699
CHARGED RESIDUE ASP                     :   -1.294
CHARGED RESIDUE VAL                     :   -0.272
CHARGED RESIDUE TRP                     :   -1.613
CHARGED RESIDUE SER                     :   -0.699
CHARGED RESIDUE PHE                     :   -0.272
CHARGED RESIDUE GLY                     :   -0.272
CHARGED RESIDUE ILE                     :   -0.272
CHARGED RESIDUE LEU                     :   -0.272
CHARGED RESIDUE LEU                     :   -0.272
CHARGED RESIDUE THR                     :   -0.980
CHARGED RESIDUE GLU                     :   -1.294
CHARGED RESIDUE LEU                     :   -0.272
CHARGED RESIDUE THR                     :   -0.980
CHARGED RESIDUE THR                     :   -0.980
CHARGED RESIDUE LYS                     :   -0.295
CHARGED RESIDUE GLY                     :   -0.272
CHARGED RESIDUE ARG                     :   -1.827
CHARGED RESIDUE VAL                     :   -0.272
CHARGED RESIDUE TYR                     :   -0.671
CHARGED RESIDUE GLY                     :   -0.272
CHARGED RESIDUE MET                     :   -0.272
CHARGED RESIDUE ASN                     :   -1.375
CHARGED RESIDUE VAL                     :   -0.272
CHARGED RESIDUE LEU                     :   -0.272
CHARGED RESIDUE VAL                     :   -0.272
CHARGED RESIDUE MET                     :   -0.272
CHARGED RESIDUE LEU                     :   -0.272
CHARGED RESIDUE LEU                     :   -0.272
CHARGED RESIDUE MET                     :   -0.272
CHARGED RESIDUE CYS                     :   -1.272
CHARGED RESIDUE GLN                     :   -1.312
CHARGED RESIDUE CYS                     :   -1.272
CHARGED RESIDUE TRP                     :   -1.613
CHARGED RESIDUE ARG                     :   -1.827
CHARGED RESIDUE LYS                     :   -0.295
CHARGED RESIDUE ASP                     :   -1.294
CHARGED RESIDUE GLU                     :   -1.294
CHARGED RESIDUE GLU                     :   -1.294
CHARGED RESIDUE ARG                     :   -1.827
CHARGED RESIDUE THR                     :   -0.980
CHARGED RESIDUE PHE                     :   -0.272
CHARGED RESIDUE GLU                     :   -1.294
CHARGED RESIDUE TYR                     :   -0.671
CHARGED RESIDUE LEU                     :   -0.272
CHARGED RESIDUE GLN                     :   -1.312
CHARGED RESIDUE ALA                     :   -0.272
CHARGED RESIDUE PHE                     :   -0.272
CHARGED RESIDUE LEU                     :   -0.272
CHARGED RESIDUE GLU                     :   -1.294
CHARGED RESIDUE ASP                     :   -1.294
CHARGED RESIDUE TYR                     :   -0.671
CHARGED RESIDUE ASN                     :   -1.375
CHARGED RESIDUE LEU                     :   -1.268
CHARGED RESIDUE ARG                     :   -1.827
CHARGED RESIDUE GLY                     :   -0.140

Total charge on src.pdb                 : -152.046

Reading in grid box information.
Box center of mass                      :   -2.653   -0.276    3.830
Box dimensions                          :   62.471   57.766   72.024
Number of grid points per side [x y z]  :      158      146      182
Total number of grid points             :  4198376

Generating scoring grids.
