

        UUUUUUU    CCCCCCCC    SSSSSSS/  FFFFFFFFF  
      UU/    UU/  CC/    CC/     SS/     FF/    FF/ 
     UU/         CCCCCCCC/      SS/     FF/    FF/  
    UU/  UUUU/  CC/ CC\        SS/     FF/    FF/   
   UU/    UU/  CC/   CC\      SS/     FF/    FF/    
   UUUUUUU/   CC/     CC\  SSSSSS/  FFFFFFFFF/      


University of California at San Francisco, DOCK 4.0.1

__________________Job_Information_________________
launch_time                    Wed Aug 14 09:26:17 2024
host_name                      unknown
memory_limit                   0
working_directory              /home/laura.lee5-umw/thyme_lab_internship_2024/dock6/input_files/drd3
user_name                      laura.lee5-umw

________________General_Parameters________________
compute_grids                  yes
grid_spacing                   0.8
output_molecule                no

________________Scoring_Parameters________________
contact_score                  no
energy_score                   yes
energy_cutoff_distance         9999
atom_model                     a
attractive_exponent            6
repulsive_exponent             9
distance_dielectric            yes
dielectric_factor              4
allow_non_integral_charges     yes
bump_filter                    yes
bump_overlap                   0.75

____________________File_Input____________________
receptor_file                  drd3.mol2
box_file                       drd3.box.pdb
vdw_definition_file            /home/laura.lee5-umw/dock6/parameters/vdw_AMBER_parm99.defn

____________________File_Output___________________
score_grid_prefix              grid



Reading in coordinates of receptor.
CHARGED RESIDUE TYR                     :    1.000
CHARGED RESIDUE LYS                     :    1.000
CHARGED RESIDUE GLU                     :   -1.000
CHARGED RESIDUE ARG                     :    1.000
CHARGED RESIDUE ASP                     :   -1.000
CHARGED RESIDUE GLU                     :   -1.000
CHARGED RESIDUE ARG                     :    1.000
CHARGED RESIDUE ASP                     :   -1.000
CHARGED RESIDUE ASP                     :   -1.000
CHARGED RESIDUE ASP                     :   -1.000
CHARGED RESIDUE ARG                     :    1.000
CHARGED RESIDUE ARG                     :    1.000
CHARGED RESIDUE ARG                     :    1.000
CHARGED RESIDUE ASP                     :   -1.000
CHARGED RESIDUE ASP                     :   -1.000
CHARGED RESIDUE ARG                     :    1.000
CHARGED RESIDUE LYS                     :    1.000
CHARGED RESIDUE ARG                     :    1.000
CHARGED RESIDUE ARG                     :    1.000
CHARGED RESIDUE ARG                     :    1.000
CHARGED RESIDUE LYS                     :    1.000
CHARGED RESIDUE ARG                     :    1.000
CHARGED RESIDUE GLU                     :   -1.000
CHARGED RESIDUE LYS                     :    1.000
CHARGED RESIDUE LYS                     :    1.000
CHARGED RESIDUE GLU                     :   -1.000
CHARGED RESIDUE GLU                     :   -1.000
CHARGED RESIDUE ARG                     :    1.000
CHARGED RESIDUE LYS                     :    1.000
CHARGED RESIDUE LYS                     :    1.000

Total charge on drd3.pdb                :    8.000

Reading in grid box information.
Box center of mass                      :    8.178   19.929   25.164
Box dimensions                          :   37.432   40.590   29.464
Number of grid points per side [x y z]  :       48       52       38
Total number of grid points             :    94848

Generating scoring grids.
Percent of protein atoms processed      :        0
Percent of protein atoms processed      :       10
Percent of protein atoms processed      :       20
Percent of protein atoms processed      :       30
Percent of protein atoms processed      :       40
Percent of protein atoms processed      :       50
Percent of protein atoms processed      :       60
Percent of protein atoms processed      :       70
Percent of protein atoms processed      :       80
Percent of protein atoms processed      :       90
Writing general grid info to grid.bmp
Writing bump grid to grid.bmp
Writing energy grids to grid.nrg
  Writing attractive VDW energy grid
  Writing repulsive VDW energy grid
  Writing electrostatic energy grid

Finished calculation.
